<?xml version="1.0" encoding="UTF-8"?>
<!-- Generated by org.testng.reporters.JUnitReportReporter -->
<testsuite hostname="SUYPC158" failures="0" tests="1" name="com.project.qa.TestCases.ResultPageTest" time="27.341" errors="0" timestamp="30 Aug 2019 12:36:20 GMT" skipped="0">
  <testcase classname="com.project.qa.TestCases.ResultPageTest" name="validateTitleTest" time="27.341"/>
</testsuite> <!-- com.project.qa.TestCases.ResultPageTest -->
