<?xml version="1.0" encoding="UTF-8"?>
<!-- Generated by org.testng.reporters.JUnitReportReporter -->
<testsuite hostname="SUYPC158" failures="0" tests="6" name="com.project.qa.TestCases.HomePageTest" time="72.147" errors="0" timestamp="30 Aug 2019 12:36:20 GMT" skipped="0">
  <testcase classname="com.project.qa.TestCases.HomePageTest" name="homePageTitleTest" time="11.443"/>
  <testcase classname="com.project.qa.TestCases.HomePageTest" name="validateLogoTest" time="10.968"/>
  <testcase classname="com.project.qa.TestCases.HomePageTest" name="searchTest" time="12.152"/>
  <testcase classname="com.project.qa.TestCases.HomePageTest" name="searchTest" time="12.217"/>
  <testcase classname="com.project.qa.TestCases.HomePageTest" name="searchTest" time="10.820"/>
  <testcase classname="com.project.qa.TestCases.HomePageTest" name="searchTest" time="14.547"/>
</testsuite> <!-- com.project.qa.TestCases.HomePageTest -->
